/home/karin-22/ros2_ws_record/install/record/lib/python3.10/site-packages/record/rgb_preview_multi_camera.py
/home/karin-22/ros2_ws_record/install/record/lib/python3.10/site-packages/record/camera_preview_elp.py
/home/karin-22/ros2_ws_record/install/record/lib/python3.10/site-packages/record/camera_preview_realD515.py
/home/karin-22/ros2_ws_record/install/record/lib/python3.10/site-packages/record/a.py
/home/karin-22/ros2_ws_record/install/record/lib/python3.10/site-packages/record/plot_emotions.py
/home/karin-22/ros2_ws_record/install/record/lib/python3.10/site-packages/record/fer2.py
/home/karin-22/ros2_ws_record/install/record/lib/python3.10/site-packages/record/__init__.py
/home/karin-22/ros2_ws_record/install/record/lib/python3.10/site-packages/record/fer_preview_elp.py
/home/karin-22/ros2_ws_record/install/record/lib/python3.10/site-packages/record/record_video.py
/home/karin-22/ros2_ws_record/install/record/lib/python3.10/site-packages/record/abc.py
/home/karin-22/ros2_ws_record/install/record/lib/python3.10/site-packages/record/camera_preview_realD435i.py
/home/karin-22/ros2_ws_record/install/record/lib/python3.10/site-packages/record/__pycache__/rgb_preview_multi_camera.cpython-310.pyc
/home/karin-22/ros2_ws_record/install/record/lib/python3.10/site-packages/record/__pycache__/camera_preview_elp.cpython-310.pyc
/home/karin-22/ros2_ws_record/install/record/lib/python3.10/site-packages/record/__pycache__/camera_preview_realD515.cpython-310.pyc
/home/karin-22/ros2_ws_record/install/record/lib/python3.10/site-packages/record/__pycache__/a.cpython-310.pyc
/home/karin-22/ros2_ws_record/install/record/lib/python3.10/site-packages/record/__pycache__/plot_emotions.cpython-310.pyc
/home/karin-22/ros2_ws_record/install/record/lib/python3.10/site-packages/record/__pycache__/fer2.cpython-310.pyc
/home/karin-22/ros2_ws_record/install/record/lib/python3.10/site-packages/record/__pycache__/__init__.cpython-310.pyc
/home/karin-22/ros2_ws_record/install/record/lib/python3.10/site-packages/record/__pycache__/fer_preview_elp.cpython-310.pyc
/home/karin-22/ros2_ws_record/install/record/lib/python3.10/site-packages/record/__pycache__/record_video.cpython-310.pyc
/home/karin-22/ros2_ws_record/install/record/lib/python3.10/site-packages/record/__pycache__/abc.cpython-310.pyc
/home/karin-22/ros2_ws_record/install/record/lib/python3.10/site-packages/record/__pycache__/camera_preview_realD435i.cpython-310.pyc
/home/karin-22/ros2_ws_record/install/record/share/ament_index/resource_index/packages/record
/home/karin-22/ros2_ws_record/install/record/share/record/package.xml
/home/karin-22/ros2_ws_record/install/record/lib/python3.10/site-packages/record-0.0.0-py3.10.egg-info/PKG-INFO
/home/karin-22/ros2_ws_record/install/record/lib/python3.10/site-packages/record-0.0.0-py3.10.egg-info/SOURCES.txt
/home/karin-22/ros2_ws_record/install/record/lib/python3.10/site-packages/record-0.0.0-py3.10.egg-info/requires.txt
/home/karin-22/ros2_ws_record/install/record/lib/python3.10/site-packages/record-0.0.0-py3.10.egg-info/dependency_links.txt
/home/karin-22/ros2_ws_record/install/record/lib/python3.10/site-packages/record-0.0.0-py3.10.egg-info/zip-safe
/home/karin-22/ros2_ws_record/install/record/lib/python3.10/site-packages/record-0.0.0-py3.10.egg-info/top_level.txt
/home/karin-22/ros2_ws_record/install/record/lib/python3.10/site-packages/record-0.0.0-py3.10.egg-info/entry_points.txt
/home/karin-22/ros2_ws_record/install/record/lib/record/abc
/home/karin-22/ros2_ws_record/install/record/lib/record/camera_preview_elp
/home/karin-22/ros2_ws_record/install/record/lib/record/camera_preview_realD435i
/home/karin-22/ros2_ws_record/install/record/lib/record/camera_preview_realD515
/home/karin-22/ros2_ws_record/install/record/lib/record/fer2
/home/karin-22/ros2_ws_record/install/record/lib/record/fer_preview_elp
/home/karin-22/ros2_ws_record/install/record/lib/record/record_video
/home/karin-22/ros2_ws_record/install/record/lib/record/rgb_preview_multi_camera
